<?xml version="1.0" encoding="UTF-8"?>
<!-- Generated by org.testng.reporters.JUnitReportReporter -->
<testsuite hostname="DESKTOP-KLQVVIN" failures="0" tests="4" name="com.TestCases.HomePageTestClass" time="17.787" errors="0" timestamp="2024-12-13T22:26:33 IST" skipped="0">
  <testcase classname="com.TestCases.HomePageTestClass" name="testSignUp" time="4.571"/>
  <system-out/>
  <testcase classname="com.TestCases.HomePageTestClass" name="testLogin" time="2.438"/>
  <system-out/>
  <testcase classname="com.TestCases.HomePageTestClass" name="testsamsungPhone" time="7.098"/>
  <system-out/>
  <testcase classname="com.TestCases.HomePageTestClass" name="testClickCart" time="3.680"/>
  <system-out/>
</testsuite> <!-- com.TestCases.HomePageTestClass -->
